[2m2025-04-20 20:20:06.435[0;39m [32m INFO[0;39m [35m8412[0;39m [2m---[0;39m [2m[           main][0;39m [36mcom.hask.hasktask.HaskTaskApplication   [0;39m [2m:[0;39m Starting HaskTaskApplication using Java 19.0.2 with PID 8412 (/Users/anthonystephena/assignDevelopers/IntelliJ-Idea-workspace/hask-task-cl-ser/target/classes started by anthonystephena in /Users/anthonystephena/assignDevelopers/IntelliJ-Idea-workspace/hask-task-cl-ser)
[2m2025-04-20 20:20:06.437[0;39m [32m INFO[0;39m [35m8412[0;39m [2m---[0;39m [2m[           main][0;39m [36mcom.hask.hasktask.HaskTaskApplication   [0;39m [2m:[0;39m The following 1 profile is active: "clientServer"
[2m2025-04-20 20:20:07.818[0;39m [32m INFO[0;39m [35m8412[0;39m [2m---[0;39m [2m[           main][0;39m [36m.s.d.r.c.RepositoryConfigurationDelegate[0;39m [2m:[0;39m Multiple Spring Data modules found, entering strict repository configuration mode
[2m2025-04-20 20:20:07.819[0;39m [32m INFO[0;39m [35m8412[0;39m [2m---[0;39m [2m[           main][0;39m [36m.s.d.r.c.RepositoryConfigurationDelegate[0;39m [2m:[0;39m Bootstrapping Spring Data JDBC repositories in DEFAULT mode.
[2m2025-04-20 20:20:07.899[0;39m [32m INFO[0;39m [35m8412[0;39m [2m---[0;39m [2m[           main][0;39m [36m.RepositoryConfigurationExtensionSupport[0;39m [2m:[0;39m Spring Data JDBC - Could not safely identify store assignment for repository candidate interface com.hask.hasktask.repository.AccessTokenRepository; If you want this repository to be a JDBC repository, consider annotating your entities with one of these annotations: org.springframework.data.relational.core.mapping.Table.
[2m2025-04-20 20:20:07.901[0;39m [32m INFO[0;39m [35m8412[0;39m [2m---[0;39m [2m[           main][0;39m [36m.RepositoryConfigurationExtensionSupport[0;39m [2m:[0;39m Spring Data JDBC - Could not safely identify store assignment for repository candidate interface com.hask.hasktask.repository.EventRepository; If you want this repository to be a JDBC repository, consider annotating your entities with one of these annotations: org.springframework.data.relational.core.mapping.Table.
[2m2025-04-20 20:20:07.902[0;39m [32m INFO[0;39m [35m8412[0;39m [2m---[0;39m [2m[           main][0;39m [36m.RepositoryConfigurationExtensionSupport[0;39m [2m:[0;39m Spring Data JDBC - Could not safely identify store assignment for repository candidate interface com.hask.hasktask.repository.RefreshTokenRepository; If you want this repository to be a JDBC repository, consider annotating your entities with one of these annotations: org.springframework.data.relational.core.mapping.Table.
[2m2025-04-20 20:20:07.903[0;39m [32m INFO[0;39m [35m8412[0;39m [2m---[0;39m [2m[           main][0;39m [36m.RepositoryConfigurationExtensionSupport[0;39m [2m:[0;39m Spring Data JDBC - Could not safely identify store assignment for repository candidate interface com.hask.hasktask.repository.TaskRepository; If you want this repository to be a JDBC repository, consider annotating your entities with one of these annotations: org.springframework.data.relational.core.mapping.Table.
[2m2025-04-20 20:20:07.905[0;39m [32m INFO[0;39m [35m8412[0;39m [2m---[0;39m [2m[           main][0;39m [36m.RepositoryConfigurationExtensionSupport[0;39m [2m:[0;39m Spring Data JDBC - Could not safely identify store assignment for repository candidate interface com.hask.hasktask.repository.TimerRepository; If you want this repository to be a JDBC repository, consider annotating your entities with one of these annotations: org.springframework.data.relational.core.mapping.Table.
[2m2025-04-20 20:20:07.907[0;39m [32m INFO[0;39m [35m8412[0;39m [2m---[0;39m [2m[           main][0;39m [36m.RepositoryConfigurationExtensionSupport[0;39m [2m:[0;39m Spring Data JDBC - Could not safely identify store assignment for repository candidate interface com.hask.hasktask.repository.UserRepository; If you want this repository to be a JDBC repository, consider annotating your entities with one of these annotations: org.springframework.data.relational.core.mapping.Table.
[2m2025-04-20 20:20:07.908[0;39m [32m INFO[0;39m [35m8412[0;39m [2m---[0;39m [2m[           main][0;39m [36m.RepositoryConfigurationExtensionSupport[0;39m [2m:[0;39m Spring Data JDBC - Could not safely identify store assignment for repository candidate interface com.hask.hasktask.repository.VerificationTokenRepository; If you want this repository to be a JDBC repository, consider annotating your entities with one of these annotations: org.springframework.data.relational.core.mapping.Table.
[2m2025-04-20 20:20:07.908[0;39m [32m INFO[0;39m [35m8412[0;39m [2m---[0;39m [2m[           main][0;39m [36m.s.d.r.c.RepositoryConfigurationDelegate[0;39m [2m:[0;39m Finished Spring Data repository scanning in 51 ms. Found 0 JDBC repository interfaces.
[2m2025-04-20 20:20:07.917[0;39m [32m INFO[0;39m [35m8412[0;39m [2m---[0;39m [2m[           main][0;39m [36m.s.d.r.c.RepositoryConfigurationDelegate[0;39m [2m:[0;39m Multiple Spring Data modules found, entering strict repository configuration mode
[2m2025-04-20 20:20:07.919[0;39m [32m INFO[0;39m [35m8412[0;39m [2m---[0;39m [2m[           main][0;39m [36m.s.d.r.c.RepositoryConfigurationDelegate[0;39m [2m:[0;39m Bootstrapping Spring Data JPA repositories in DEFAULT mode.
[2m2025-04-20 20:20:07.948[0;39m [32m INFO[0;39m [35m8412[0;39m [2m---[0;39m [2m[           main][0;39m [36m.s.d.r.c.RepositoryConfigurationDelegate[0;39m [2m:[0;39m Finished Spring Data repository scanning in 24 ms. Found 7 JPA repository interfaces.
[2m2025-04-20 20:20:08.729[0;39m [32m INFO[0;39m [35m8412[0;39m [2m---[0;39m [2m[           main][0;39m [36mo.s.b.w.embedded.tomcat.TomcatWebServer [0;39m [2m:[0;39m Tomcat initialized with port 8080 (http)
[2m2025-04-20 20:20:08.737[0;39m [32m INFO[0;39m [35m8412[0;39m [2m---[0;39m [2m[           main][0;39m [36mo.apache.catalina.core.StandardService  [0;39m [2m:[0;39m Starting service [Tomcat]
[2m2025-04-20 20:20:08.738[0;39m [32m INFO[0;39m [35m8412[0;39m [2m---[0;39m [2m[           main][0;39m [36mo.apache.catalina.core.StandardEngine   [0;39m [2m:[0;39m Starting Servlet engine: [Apache Tomcat/10.1.36]
[2m2025-04-20 20:20:08.768[0;39m [32m INFO[0;39m [35m8412[0;39m [2m---[0;39m [2m[           main][0;39m [36mo.a.c.c.C.[Tomcat].[localhost].[/]      [0;39m [2m:[0;39m Initializing Spring embedded WebApplicationContext
[2m2025-04-20 20:20:08.768[0;39m [32m INFO[0;39m [35m8412[0;39m [2m---[0;39m [2m[           main][0;39m [36mw.s.c.ServletWebServerApplicationContext[0;39m [2m:[0;39m Root WebApplicationContext: initialization completed in 2307 ms
[2m2025-04-20 20:20:08.962[0;39m [32m INFO[0;39m [35m8412[0;39m [2m---[0;39m [2m[           main][0;39m [36mo.hibernate.jpa.internal.util.LogHelper [0;39m [2m:[0;39m HHH000204: Processing PersistenceUnitInfo [name: default]
[2m2025-04-20 20:20:09.007[0;39m [32m INFO[0;39m [35m8412[0;39m [2m---[0;39m [2m[           main][0;39m [36morg.hibernate.Version                   [0;39m [2m:[0;39m HHH000412: Hibernate ORM core version 6.6.8.Final
[2m2025-04-20 20:20:09.033[0;39m [32m INFO[0;39m [35m8412[0;39m [2m---[0;39m [2m[           main][0;39m [36mo.h.c.internal.RegionFactoryInitiator   [0;39m [2m:[0;39m HHH000026: Second-level cache disabled
[2m2025-04-20 20:20:09.208[0;39m [32m INFO[0;39m [35m8412[0;39m [2m---[0;39m [2m[           main][0;39m [36mo.s.o.j.p.SpringPersistenceUnitInfo     [0;39m [2m:[0;39m No LoadTimeWeaver setup: ignoring JPA class transformer
[2m2025-04-20 20:20:09.227[0;39m [32m INFO[0;39m [35m8412[0;39m [2m---[0;39m [2m[           main][0;39m [36mcom.zaxxer.hikari.HikariDataSource      [0;39m [2m:[0;39m hask_task - Starting...
[2m2025-04-20 20:20:09.369[0;39m [32m INFO[0;39m [35m8412[0;39m [2m---[0;39m [2m[           main][0;39m [36mcom.zaxxer.hikari.pool.HikariPool       [0;39m [2m:[0;39m hask_task - Added connection org.postgresql.jdbc.PgConnection@3340ff7c
[2m2025-04-20 20:20:09.370[0;39m [32m INFO[0;39m [35m8412[0;39m [2m---[0;39m [2m[           main][0;39m [36mcom.zaxxer.hikari.HikariDataSource      [0;39m [2m:[0;39m hask_task - Start completed.
[2m2025-04-20 20:20:09.423[0;39m [33m WARN[0;39m [35m8412[0;39m [2m---[0;39m [2m[           main][0;39m [36morg.hibernate.orm.deprecation           [0;39m [2m:[0;39m HHH90000025: PostgreSQLDialect does not need to be specified explicitly using 'hibernate.dialect' (remove the property setting and it will be selected by default)
[2m2025-04-20 20:20:09.445[0;39m [32m INFO[0;39m [35m8412[0;39m [2m---[0;39m [2m[           main][0;39m [36morg.hibernate.orm.connections.pooling   [0;39m [2m:[0;39m HHH10001005: Database info:
	Database JDBC URL [Connecting through datasource 'HikariDataSource (hask_task)']
	Database driver: undefined/unknown
	Database version: 17.4
	Autocommit mode: undefined/unknown
	Isolation level: undefined/unknown
	Minimum pool size: undefined/unknown
	Maximum pool size: undefined/unknown
[2m2025-04-20 20:20:10.283[0;39m [32m INFO[0;39m [35m8412[0;39m [2m---[0;39m [2m[           main][0;39m [36mo.h.e.t.j.p.i.JtaPlatformInitiator      [0;39m [2m:[0;39m HHH000489: No JTA platform available (set 'hibernate.transaction.jta.platform' to enable JTA platform integration)
[2m2025-04-20 20:20:10.726[0;39m [32m INFO[0;39m [35m8412[0;39m [2m---[0;39m [2m[           main][0;39m [36mj.LocalContainerEntityManagerFactoryBean[0;39m [2m:[0;39m Initialized JPA EntityManagerFactory for persistence unit 'default'
[2m2025-04-20 20:20:11.185[0;39m [32m INFO[0;39m [35m8412[0;39m [2m---[0;39m [2m[           main][0;39m [36meAuthenticationProviderManagerConfigurer[0;39m [2m:[0;39m Global AuthenticationManager configured with AuthenticationProvider bean with name authenticationProvider
[2m2025-04-20 20:20:11.185[0;39m [33m WARN[0;39m [35m8412[0;39m [2m---[0;39m [2m[           main][0;39m [36mr$InitializeUserDetailsManagerConfigurer[0;39m [2m:[0;39m Global AuthenticationManager configured with an AuthenticationProvider bean. UserDetailsService beans will not be used by Spring Security for automatically configuring username/password login. Consider removing the AuthenticationProvider bean. Alternatively, consider using the UserDetailsService in a manually instantiated DaoAuthenticationProvider. If the current configuration is intentional, to turn off this warning, increase the logging level of 'org.springframework.security.config.annotation.authentication.configuration.InitializeUserDetailsBeanManagerConfigurer' to ERROR
[2m2025-04-20 20:20:11.363[0;39m [33m WARN[0;39m [35m8412[0;39m [2m---[0;39m [2m[           main][0;39m [36mJpaBaseConfiguration$JpaWebConfiguration[0;39m [2m:[0;39m spring.jpa.open-in-view is enabled by default. Therefore, database queries may be performed during view rendering. Explicitly configure spring.jpa.open-in-view to disable this warning
[2m2025-04-20 20:20:12.245[0;39m [32m INFO[0;39m [35m8412[0;39m [2m---[0;39m [2m[           main][0;39m [36mo.s.b.w.embedded.tomcat.TomcatWebServer [0;39m [2m:[0;39m Tomcat started on port 8080 (http) with context path '/'
[2m2025-04-20 20:20:12.294[0;39m [32m INFO[0;39m [35m8412[0;39m [2m---[0;39m [2m[           main][0;39m [36mo.s.b.w.embedded.tomcat.TomcatWebServer [0;39m [2m:[0;39m Tomcat initialized with port 8181 (http)
[2m2025-04-20 20:20:12.295[0;39m [32m INFO[0;39m [35m8412[0;39m [2m---[0;39m [2m[           main][0;39m [36mo.apache.catalina.core.StandardService  [0;39m [2m:[0;39m Starting service [Tomcat]
[2m2025-04-20 20:20:12.295[0;39m [32m INFO[0;39m [35m8412[0;39m [2m---[0;39m [2m[           main][0;39m [36mo.apache.catalina.core.StandardEngine   [0;39m [2m:[0;39m Starting Servlet engine: [Apache Tomcat/10.1.36]
[2m2025-04-20 20:20:12.319[0;39m [32m INFO[0;39m [35m8412[0;39m [2m---[0;39m [2m[           main][0;39m [36mo.a.c.c.C.[Tomcat-1].[localhost].[/]    [0;39m [2m:[0;39m Initializing Spring embedded WebApplicationContext
[2m2025-04-20 20:20:12.320[0;39m [32m INFO[0;39m [35m8412[0;39m [2m---[0;39m [2m[           main][0;39m [36mw.s.c.ServletWebServerApplicationContext[0;39m [2m:[0;39m Root WebApplicationContext: initialization completed in 73 ms
[2m2025-04-20 20:20:12.327[0;39m [32m INFO[0;39m [35m8412[0;39m [2m---[0;39m [2m[           main][0;39m [36mo.s.b.a.e.web.EndpointLinksResolver     [0;39m [2m:[0;39m Exposing 3 endpoints beneath base path '/actuator'
[2m2025-04-20 20:20:12.349[0;39m [32m INFO[0;39m [35m8412[0;39m [2m---[0;39m [2m[           main][0;39m [36mo.s.b.w.embedded.tomcat.TomcatWebServer [0;39m [2m:[0;39m Tomcat started on port 8181 (http) with context path '/'
[2m2025-04-20 20:20:12.363[0;39m [32m INFO[0;39m [35m8412[0;39m [2m---[0;39m [2m[           main][0;39m [36mcom.hask.hasktask.HaskTaskApplication   [0;39m [2m:[0;39m Started HaskTaskApplication in 6.534 seconds (process running for 8.718)
[2m2025-04-20 20:20:27.836[0;39m [32m INFO[0;39m [35m8412[0;39m [2m---[0;39m [2m[nio-8080-exec-1][0;39m [36mo.a.c.c.C.[Tomcat].[localhost].[/]      [0;39m [2m:[0;39m Initializing Spring DispatcherServlet 'dispatcherServlet'
[2m2025-04-20 20:20:27.837[0;39m [32m INFO[0;39m [35m8412[0;39m [2m---[0;39m [2m[nio-8080-exec-1][0;39m [36mo.s.web.servlet.DispatcherServlet       [0;39m [2m:[0;39m Initializing Servlet 'dispatcherServlet'
[2m2025-04-20 20:20:27.849[0;39m [32m INFO[0;39m [35m8412[0;39m [2m---[0;39m [2m[nio-8080-exec-1][0;39m [36mo.s.web.servlet.DispatcherServlet       [0;39m [2m:[0;39m Completed initialization in 12 ms
[2m2025-04-20 20:20:28.440[0;39m [32m INFO[0;39m [35m8412[0;39m [2m---[0;39m [2m[io-8080-exec-10][0;39m [36mo.springdoc.api.AbstractOpenApiResource [0;39m [2m:[0;39m Init duration for springdoc-openapi is: 260 ms
[2m2025-04-20 20:22:12.263[0;39m [32m INFO[0;39m [35m8412[0;39m [2m---[0;39m [2m[ionShutdownHook][0;39m [36mo.s.b.w.e.tomcat.GracefulShutdown       [0;39m [2m:[0;39m Commencing graceful shutdown. Waiting for active requests to complete
[2m2025-04-20 20:22:12.272[0;39m [32m INFO[0;39m [35m8412[0;39m [2m---[0;39m [2m[tomcat-shutdown][0;39m [36mo.s.b.w.e.tomcat.GracefulShutdown       [0;39m [2m:[0;39m Graceful shutdown complete
[2m2025-04-20 20:22:12.273[0;39m [32m INFO[0;39m [35m8412[0;39m [2m---[0;39m [2m[ionShutdownHook][0;39m [36mo.s.b.w.e.tomcat.GracefulShutdown       [0;39m [2m:[0;39m Commencing graceful shutdown. Waiting for active requests to complete
[2m2025-04-20 20:22:12.274[0;39m [32m INFO[0;39m [35m8412[0;39m [2m---[0;39m [2m[tomcat-shutdown][0;39m [36mo.s.b.w.e.tomcat.GracefulShutdown       [0;39m [2m:[0;39m Graceful shutdown complete
[2m2025-04-20 20:22:12.296[0;39m [32m INFO[0;39m [35m8412[0;39m [2m---[0;39m [2m[ionShutdownHook][0;39m [36mj.LocalContainerEntityManagerFactoryBean[0;39m [2m:[0;39m Closing JPA EntityManagerFactory for persistence unit 'default'
[2m2025-04-20 20:22:12.302[0;39m [32m INFO[0;39m [35m8412[0;39m [2m---[0;39m [2m[ionShutdownHook][0;39m [36mcom.zaxxer.hikari.HikariDataSource      [0;39m [2m:[0;39m hask_task - Shutdown initiated...
[2m2025-04-20 20:22:12.308[0;39m [32m INFO[0;39m [35m8412[0;39m [2m---[0;39m [2m[ionShutdownHook][0;39m [36mcom.zaxxer.hikari.HikariDataSource      [0;39m [2m:[0;39m hask_task - Shutdown completed.
